生成启动时间为 2024/8/20 20:31:16。
     1>项目“D:\程序\10\10\10.vcxproj”在节点 2 上(build 个目标)。
     1>PrepareForBuild:
         正在创建目录“D:\程序\10\Debug\”。
       InitializeBuildStatus:
         正在创建“Debug\10.unsuccessfulbuild”，因为已指定“AlwaysCreate”。
       ClCompile:
         C:\Program Files (x86)\Microsoft Visual Studio 10.0\VC\bin\CL.exe /c /ZI /nologo /W3 /WX- /Od /Oy- /D _MBCS /Gm /EHsc /RTC1 /MDd /GS /fp:precise /Zc:wchar_t /Zc:forScope /Fo"Debug\\" /Fd"Debug\vc100.pdb" /Gd /TP /analyze- /errorReport:prompt 10.cpp
         10.cpp
       Link:
         C:\Program Files (x86)\Microsoft Visual Studio 10.0\VC\bin\link.exe /ERRORREPORT:PROMPT /OUT:"D:\程序\10\Debug\10.exe" /NOLOGO kernel32.lib user32.lib gdi32.lib winspool.lib comdlg32.lib advapi32.lib shell32.lib ole32.lib oleaut32.lib uuid.lib odbc32.lib odbccp32.lib /MANIFEST /ManifestFile:"Debug\10.exe.intermediate.manifest" /MANIFESTUAC:"level='asInvoker' uiAccess='false'" /DEBUG /PDB:"D:\程序\10\Debug\10.pdb" /TLBID:1 /DYNAMICBASE /NXCOMPAT /IMPLIB:"D:\程序\10\Debug\10.lib" /MACHINE:X86 Debug\10.obj
         10.vcxproj -> D:\程序\10\Debug\10.exe
       Manifest:
         C:\Program Files (x86)\Microsoft SDKs\Windows\v7.0A\bin\mt.exe /nologo /verbose /outputresource:"D:\程序\10\Debug\10.exe;#1" /manifest Debug\10.exe.intermediate.manifest
       FinalizeBuildStatus:
         正在删除文件“Debug\10.unsuccessfulbuild”。
         正在对“Debug\10.lastbuildstate”执行 Touch 任务。
     1>已完成生成项目“D:\程序\10\10\10.vcxproj”(build 个目标)的操作。

生成成功。

已用时间 00:00:05.78
